INFO:root:fetched web pages and saved to /shop/*.html
INFO:root:scraping the web page for data: https://www.czc.cz/benq-pd3205u-led-monitor-31-5/362020/produkt
INFO:root:scraping the web page for data: https://www.czc.cz/msi-mpg-a1000g-1000w/345025/produkt
INFO:root:scraping the web page for data: https://www.czc.cz/asus-tuf-gaming-b450-plus-ii-amd-b450/299914/produkt
INFO:root:scraping the web page for data: https://www.czc.cz/brother-hl-b2080dw/235027/produkt
INFO:root:scraping the web page for data: https://www.czc.cz/dell-s2422hg-led-monitor-24/312095/produkt
INFO:root:scraping the web page for data: https://www.czc.cz/lg-32lq63006la-80cm/337994/produkt
INFO:root:scraping the web page for data: https://www.czc.cz/adata-hv300-1tb-cervena/236557/produkt
INFO:root:scraping the web page for data: https://www.czc.cz/dell-professional-p2319h-led-monitor-23/264164/produkt
INFO:root:scraping the web page for data: https://www.czc.cz/asus-va24ehe-led-monitor-24/285585/produkt
INFO:root:scraping the web page for data: https://www.czc.cz/cooler-master-mwe-850-gold-v2-850w/324417/produkt
INFO:root:scraping the web page for data: https://www.czc.cz/lg-24mp400-b-led-monitor-23-8/335788/produkt
INFO:root:scraping the web page for data: https://www.czc.cz/asus-rog-swift-pg279qm-led-monitor-27/330893/produkt
INFO:root:scraping the web page for data: https://www.czc.cz/msi-geforce-rtx-3060-ventus-2x-12g-oc-lhr-12gb-gddr6/310901/produkt
INFO:root:scraping the web page for data: https://www.czc.cz/czc-konfigurovatelne-pc-office-pentium-g6500/325881/produkt
INFO:root:scraping the web page for data: https://www.czc.cz/samsung-smart-monitor-m5-led-monitor-24/320251/produkt
INFO:root:scraping the web page for data: https://www.czc.cz/aoc-c27g2ze-led-monitor-27/295902/produkt
INFO:root:scraping the web page for data: https://www.czc.cz/epson-workforce-pro-wf-c5890dwf/361463/produkt
INFO:root:scraping the web page for data: https://www.czc.cz/philips-55oled856-139cm/348891/produkt
INFO:root:scraping the web page for data: https://www.czc.cz/lg-oled48a23la-121cm/345851/produkt
INFO:root:scraping the web page for data: https://www.czc.cz/philips-55oled707-139cm/351055/produkt
INFO:root:scraping the web page for data: https://www.czc.cz/asus-prime-h610m-k-d4-ddr4-intel-h610/335622/produkt
INFO:root:scraping the web page for data: https://www.czc.cz/gigabyte-geforce-rtx-3070-eagle-8g-2-0-lhr-8gb-gddr6/348111/produkt
INFO:root:scraping the web page for data: https://www.czc.cz/lg-24tl510v-pz-led-monitor-23-6/345262/produkt
INFO:root:scraping the web page for data: https://www.czc.cz/asus-rog-strix-b550-f-gaming-amd-b550/289969/produkt
INFO:root:scraping the web page for data: https://www.czc.cz/gigabyte-aorus-p1200w-1200w/332488/produkt
INFO:root:scraping the web page for data: https://www.czc.cz/lg-43uq76903le-108cm/345896/produkt
INFO:root:scraping the web page for data: https://www.czc.cz/samsung-t7-touch-500gb-cerna/282169/produkt
INFO:root:scraping the web page for data: https://www.czc.cz/ek-water-blocks-classic-inwin-303ek-cerna/288430/produkt
INFO:root:scraping the web page for data: https://www.czc.cz/asus-tuf-gaming-gt502-bila/362654/produkt
INFO:root:scraping the web page for data: https://www.czc.cz/asus-geforce-dual-rtx3060-o12g-v2-lhr-12gb-gddr6/320677/produkt
INFO:root:scraping the web page for data: https://www.czc.cz/epson-lq-590ii/361574/produkt
INFO:root:scraping the web page for data: https://www.czc.cz/sony-kd-32w800-81cm/312853/produkt
INFO:root:scraping the web page for data: https://www.czc.cz/msi-radeon-rx-6650-xt-mech-2x-8g-oc-8gb-gddr6/345667/produkt
INFO:root:scraping the web page for data: https://www.czc.cz/asus-tuf-gaming-b660m-plus-wifi-intel-b660/356059/produkt
INFO:root:scraping the web page for data: https://www.czc.cz/cooler-master-elite-500-odd-cerna/346176/produkt
INFO:root:scraping the web page for data: https://www.czc.cz/gigabyte-geforce-gt-1030-low-profile-d4-2g-2gb-gddr4/312571/produkt
INFO:root:scraping the web page for data: https://www.czc.cz/samsung-ue32t4302-80cm/283329/produkt
INFO:root:scraping the web page for data: https://www.czc.cz/canon-i-sensys-lbp233dw/343352/produkt
INFO:root:scraping the web page for data: https://www.czc.cz/zalman-z8-ms-argb-cerna/320671/produkt
INFO:root:scraping the web page for data: https://www.czc.cz/thomson-40fd3306-100cm/327650/produkt
INFO:root:scraping the web page for data: https://www.czc.cz/gigabyte-p1000gm-1000w/312423/produkt
INFO:root:scraping the web page for data: https://www.czc.cz/czc-gaming-paladin-gc130-dying-light-2-ceech-limitovana-edice/339032/produkt
INFO:root:scraping the web page for data: https://www.czc.cz/gigabyte-geforce-rtx-3060-eagle-oc-12g-rev-2-0-lhr-12gb-gddr6/326158/produkt
INFO:root:scraping the web page for data: https://www.czc.cz/lg-27mp400-b-led-monitor-27/358486/produkt
INFO:root:scraping the web page for data: https://www.czc.cz/asus-tuf-gaming-b550m-e-wifi-amd-b550/324263/produkt
INFO:root:scraping the web page for data: https://www.czc.cz/samsung-odyssey-g7-qled-monitor-32/288296/produkt
INFO:root:scraping the web page for data: https://www.czc.cz/gigabyte-geforce-rtx-3070-gaming-oc-8g-rev-2-0-lhr-8gb-gddr6/323016/produkt
INFO:root:scraping the web page for data: https://www.czc.cz/acer-cb242ybmiprx-led-monitor-23-8/282988/produkt
INFO:root:scraping the web page for data: https://www.czc.cz/be-quiet-system-power-9-cm-500w/265060/produkt
INFO:root:scraping the web page for data: https://www.czc.cz/samsung-u28r550u-led-monitor-28/275447/produkt
INFO:root:scraping the web page for data: https://www.czc.cz/palit-geforce-rtx-3060-dual-lhr-12gb-gddr6/308704/produkt
INFO:root:scraping the web page for data: https://www.czc.cz/asus-tuf-gaming-z790-plus-wifi-d4-ddr4-intel-z790/357469/produkt
INFO:root:scraping the web page for data: https://www.czc.cz/gigabyte-g34wqc-a-led-monitor-34/336116/produkt
INFO:root:scraping the web page for data: https://www.czc.cz/msi-pro-mp242-led-monitor-24/311379/produkt
INFO:root:scraping the web page for data: https://www.czc.cz/tcl-32s6200-80cm/335449/produkt
INFO:root:scraping the web page for data: https://www.czc.cz/dell-p2422h-professional-led-monitor-23-8/321527/produkt
INFO:root:scraping the web page for data: https://www.czc.cz/czc-gaming-squire-gc115-herni-pc/357804/produkt
INFO:root:scraping the web page for data: https://www.czc.cz/asus-tuf-gaming-b550-pro-amd-b550/324257/produkt
INFO:root:scraping the web page for data: https://www.czc.cz/dell-s2421h-led-monitor-24/297502/produkt
INFO:root:scraping the web page for data: https://www.czc.cz/samsung-s24r350-led-monitor-24/272383/produkt
INFO:root:scraping the web page for data: https://www.czc.cz/asus-tuf-gaming-vg34vql1b-led-monitor-34/308594/produkt
INFO:root:scraping the web page for data: https://www.czc.cz/fujifilm-instax-mini-40-ex-d/331798/produkt
INFO:root:scraping the web page for data: https://www.czc.cz/lg-32lm6380-80cm/318199/produkt
INFO:root:scraping the web page for data: https://www.czc.cz/asus-tuf-gaming-b660m-plus-wifi-d4-ddr4-intel-b660/335632/produkt
INFO:root:scraping the web page for data: https://www.czc.cz/asus-vg27wq1b-led-monitor-27/291882/produkt
INFO:root:scraping the web page for data: https://www.czc.cz/sharp-32bc2e-81cm/280615/produkt
INFO:root:scraping the web page for data: https://www.czc.cz/asus-prime-b660m-a-d4-ddr4-intel-b660/335628/produkt
INFO:root:scraping the web page for data: https://www.czc.cz/aoc-24g2zu-led-monitor-23-8/338611/produkt
INFO:root:scraping the web page for data: https://www.czc.cz/samsung-qe50q60ba-125cm/340197/produkt
INFO:root:scraping the web page for data: https://www.czc.cz/asus-rog-strix-b550-a-gaming-amd-b550/300780/produkt
INFO:root:scraping the web page for data: https://www.czc.cz/msi-mag-b550-tomahawk-amd-b550/291438/produkt
INFO:root:scraping the web page for data: https://www.czc.cz/epson-workforce-pro-wf-c4810dtwf/345586/produkt
INFO:root:scraping the web page for data: https://www.czc.cz/adata-hd650-usb3-1-1tb-cervena/143386/produkt
INFO:root:scraping the web page for data: https://www.czc.cz/adata-hd710-pro-usb3-1-4tb-cerny/217744/produkt
INFO:root:scraping the web page for data: https://www.czc.cz/seagate-game-drive-for-playstation-4-2tb-cerna/271850/produkt
INFO:root:scraping the web page for data: https://www.czc.cz/gigabyte-z590-ud-ac-intel-z590/312438/produkt
INFO:root:scraping the web page for data: https://www.czc.cz/sapphire-radeon-pulse-rx550-4gb-4gb-gddr5/212978/produkt
INFO:root:scraping the web page for data: https://www.czc.cz/alienware-aw2521h-led-monitor-25/308474/produkt
INFO:root:scraping the web page for data: https://www.czc.cz/thomson-43ug6400-108cm/312986/produkt
INFO:root:scraping the web page for data: https://www.czc.cz/philips-65pus7906-164cm/315172/produkt
INFO:root:scraping the web page for data: https://www.czc.cz/philips-58pus8506-146cm/315165/produkt
INFO:root:scraping the web page for data: https://www.czc.cz/philips-55oled807-139cm/351058/produkt
INFO:root:scraping the web page for data: https://www.czc.cz/samsung-odyssey-g5-led-monitor-32/297301/produkt
INFO:root:scraping the web page for data: https://www.czc.cz/philips-55pus7506-139cm/315162/produkt
INFO:root:scraping the web page for data: https://www.czc.cz/samsung-ssd-980-pro-m-2-1tb/298701/produkt
INFO:root:scraping the web page for data: https://www.czc.cz/be-quiet-pure-power-11-fm-650w/316457/produkt
INFO:root:scraping the web page for data: https://www.czc.cz/msi-gaming-optix-mag301cr2-29-5/324783/produkt
INFO:root:scraping the web page for data: https://www.czc.cz/msi-geforce-rtx-3060-ti-gaming-x-8g-lhr-8gb-gddr6/324650/produkt
INFO:root:scraping the web page for data: https://www.czc.cz/gigabyte-ud850gm-850w/344484/produkt
INFO:root:scraping the web page for data: https://www.czc.cz/benq-mobiuz-ex2510s-led-monitor-24-5/345752/produkt
INFO:root:scraping the web page for data: https://www.czc.cz/msi-modern-md271pw-led-monitor-27/347751/produkt
INFO:root:scraping the web page for data: https://www.czc.cz/czc-office-ocb025-stolni-pc/351193/produkt
INFO:root:scraping the web page for data: https://www.czc.cz/asus-prime-z790-p-d4-ddr4-intel-z790/357476/produkt
INFO:root:scraping the web page for data: https://www.czc.cz/dell-s3422dw-led-monitor-34/321532/produkt
INFO:root:scraping the web page for data: https://www.czc.cz/czc-paladin-gc132-comic-con-edition/342143/produkt
INFO:root:scraping the web page for data: https://www.czc.cz/philips-32phs5507-81cm/351047/produkt
INFO:root:scraping the web page for data: https://www.czc.cz/gigabyte-b660-ds3h-ddr4-intel-b660/340154/produkt
INFO:root:scraping the web page for data: https://www.czc.cz/czc-office-ocb026-stolni-pc/357793/produkt
INFO:root:scraping the web page for data: https://www.czc.cz/asus-tuf-gaming-geforce-rtx-4080-16gb-gddr6x/360607/produkt
INFO:root:scraping the web page for data: https://www.czc.cz/lg-32mp60g-b-led-monitor-31-5/322013/produkt
INFO:root:scraping the web page for data: https://www.czc.cz/dell-se2723ds-led-monitor-27/350430/produkt
INFO:root:scraping the web page for data: https://www.czc.cz/gigabyte-b660-gaming-x-ddr4-intel-b660/340155/produkt
INFO:root:scraping the web page for data: https://www.czc.cz/asus-prime-h510m-a-wifi-intel-h510/311768/produkt
INFO:root:scraping the web page for data: https://www.czc.cz/asus-prime-h610m-e-d4-ddr4-intel-h610/335623/produkt
INFO:root:scraping the web page for data: https://www.czc.cz/philips-24phs5507-60cm/351046/produkt
INFO:root:scraping the web page for data: https://www.czc.cz/tcl-40s5200-100cm/335450/produkt
INFO:root:scraping the web page for data: https://www.czc.cz/gigabyte-geforce-rtx-3060-gaming-oc-12g-rev-2-0-lhr-12gb-gddr6/321809/produkt
INFO:root:scraping the web page for data: https://www.czc.cz/asus-rog-strix-b550-e-gaming-amd-b550/289967/produkt
INFO:root:scraping the web page for data: https://www.czc.cz/lg-32lq630b6la-80cm/346671/produkt
INFO:root:scraping the web page for data: https://www.czc.cz/dell-professional-p2222h-led-monitor-22/321981/produkt
INFO:root:scraping the web page for data: https://www.czc.cz/asus-tuf-gaming-b660-plus-wifi-d4-ddr4-intel-b660/335631/produkt
INFO:root:scraping the web page for data: https://www.czc.cz/lg-27bk550y-led-monitor-27/218600/produkt
INFO:root:scraping the web page for data: https://www.czc.cz/asus-proart-pa278qv-led-monitor-27/290012/produkt
INFO:root:scraping the web page for data: https://www.czc.cz/asus-rog-strix-b660-a-gaming-wifi-intel-b660/354351/produkt
INFO:root:scraping the web page for data: https://www.czc.cz/samsung-c24f396f-led-monitor-24/250838/produkt
INFO:root:scraping the web page for data: https://www.czc.cz/asus-tuf-gaming-vg32vqr-led-monitor-31-5/348167/produkt
INFO:root:scraping the web page for data: https://www.czc.cz/czc-gaming-knight-gc151-herni-pc-powered-by-msi/347904/produkt
INFO:root:scraping the web page for data: https://www.czc.cz/aoc-24b2xhm2-led-monitor-23-8/317283/produkt
INFO:root:scraping the web page for data: https://www.czc.cz/philips-65pus7506-165cm/315171/produkt
INFO:root:scraping the web page for data: https://www.czc.cz/lg-65uq75003lf-164cm/345897/produkt
INFO:root:scraping the web page for data: https://www.czc.cz/tcl-32d4300-80cm/327649/produkt
INFO:root:scraping the web page for data: https://www.czc.cz/asus-geforce-gt1030-sl-2g-brk-2gb-gddr5/213795/produkt
INFO:root:scraping the web page for data: https://www.czc.cz/asus-vt168hr-led-monitor-15-6/343874/produkt
INFO:root:scraping the web page for data: https://www.czc.cz/epson-expression-home-xp-5150/345577/produkt
INFO:root:scraping the web page for data: https://www.czc.cz/gigabyte-geforce-rtx-3080-ti-vision-oc-12g-lhr-12gb-gddr6x/320578/produkt
INFO:root:scraping the web page for data: https://www.czc.cz/asus-prime-x570-p-amd-x570/262208/produkt
INFO:root:scraping the web page for data: https://www.czc.cz/gigabyte-z690-ud-ddr4-intel-z690/332342/produkt
INFO:root:scraping the web page for data: https://www.czc.cz/gigabyte-z690-ud-intel-z690/332348/produkt
INFO:root:scraping the web page for data: https://www.czc.cz/gigabyte-z590i-vision-d-intel-z590/312442/produkt
INFO:root:scraping the web page for data: https://www.czc.cz/samsung-t7-500gb-modra/286812/produkt
INFO:root:scraping the web page for data: https://www.czc.cz/sapphire-pulse-radeon-rx-6650-xt-8gb-gddr6/345687/produkt
INFO:root:scraping the web page for data: https://www.czc.cz/asus-gaming-vg249q-led-monitor-24/283912/produkt
INFO:root:scraping the web page for data: https://www.czc.cz/epson-l850-tankovy-system/165279/produkt
INFO:root:scraping the web page for data: https://www.czc.cz/msi-pro-mp241x-led-monitor-23-8/348732/produkt
INFO:root:scraping the web page for data: https://www.czc.cz/lg-55up7500-139cm/313743/produkt
INFO:root:scraping the web page for data: https://www.czc.cz/philips-243v7qjabf-led-monitor-23-8/235587/produkt
INFO:root:scraping the web page for data: https://www.czc.cz/asus-rog-strix-b660-a-gaming-wifi-d4-ddr4-intel-b660/335638/produkt
INFO:root:scraping the web page for data: https://www.czc.cz/asus-tuf-gaming-b550m-plus-wifi-ii-amd-b550/332930/produkt
INFO:root:scraping the web page for data: https://www.czc.cz/strong-srt24hc3023-60cm/346084/produkt
INFO:root:scraping the web page for data: https://www.czc.cz/gigabyte-geforce-gtx-1660-ti-oc-6g-6gb-gddr6/254535/produkt
INFO:root:scraping the web page for data: https://www.czc.cz/epson-workforce-pro-wf-3820dwf/345578/produkt
INFO:root:scraping the web page for data: https://www.czc.cz/toshiba-32wa2063dg-80cm/338599/produkt
INFO:root:scraping the web page for data: https://www.czc.cz/canon-eos-850d-telo/281237/produkt
INFO:root:scraping the web page for data: https://www.czc.cz/msi-pro-b660m-a-ddr4-intel-b660/336102/produkt
INFO:root:scraping the web page for data: https://www.czc.cz/gigabyte-z590-vision-g-intel-z590/312432/produkt
INFO:root:scraping the web page for data: https://www.czc.cz/samsung-c27f396-led-monitor-27/221161/produkt
INFO:root:scraping the web page for data: https://www.czc.cz/msi-geforce-rtx-3070-ventus-2x-8g-oc-lhr-8gb-gddr6/328005/produkt
INFO:root:scraping the web page for data: https://www.czc.cz/asus-rog-strix-z790-a-gaming-wifi-d4-ddr4-intel-z790/357467/produkt
INFO:root:scraping the web page for data: https://www.czc.cz/lg-43uq75003lf-108cm/345901/produkt
INFO:root:scraping the web page for data: https://www.czc.cz/msi-z490-a-pro-intel-z490/287845/produkt
INFO:root:scraping the web page for data: https://www.czc.cz/thomson-32hd3306-80cm/302878/produkt
INFO:root:scraping the web page for data: https://www.czc.cz/samsung-ue32t4002-80cm/300130/produkt
INFO:root:scraping the web page for data: https://www.czc.cz/thomson-55ug6300-139cm/302903/produkt
INFO:root:scraping the web page for data: https://www.czc.cz/sapphire-radeon-pulse-rx-6600-8gb-gddr6/329699/produkt
INFO:root:scraping the web page for data: https://www.czc.cz/asus-tuf-gaming-b550m-plus-amd-b550/289973/produkt
INFO:root:scraping the web page for data: https://www.czc.cz/cooler-master-masterbox-k500-argb-cerna/293250/produkt
INFO:root:scraping the web page for data: https://www.czc.cz/cooler-master-mastercase-h500m-kovove-seda/242180/produkt
INFO:root:scraping the web page for data: https://www.czc.cz/msi-mpg-a750gf-750w/313040/produkt
INFO:root:scraping the web page for data: https://www.czc.cz/asus-prime-b550m-k-amd-b550/289977/produkt
INFO:root:scraping the web page for data: https://www.czc.cz/canon-i-sensys-lbp236dw/343353/produkt
INFO:root:scraping the web page for data: https://www.czc.cz/cooler-master-masterbox-nr400-cerna/257361/produkt
INFO:root:scraping the web page for data: https://www.czc.cz/acer-b277bmiprzx-led-monitor-27/234332/produkt
INFO:root:scraping the web page for data: https://www.czc.cz/msi-pro-z690-p-ddr4-intel-z690/348042/produkt
INFO:root:scraping the web page for data: https://www.czc.cz/aoc-24b2xdam-led-monitor-23-8/317279/produkt
INFO:root:scraping the web page for data: https://www.czc.cz/gigabyte-z690-gaming-x-intel-z690/336843/produkt
INFO:root:scraping the web page for data: https://www.czc.cz/gigabyte-geforce-rtx-3060-vision-oc-12g-rev-2-0-lhr-12gb-gddr6/322095/produkt
INFO:root:scraping the web page for data: https://www.czc.cz/samsung-27rg50-led-monitor-27/270817/produkt
INFO:root:scraping the web page for data: https://www.czc.cz/asus-rog-strix-b550-f-gaming-wifi-ii-amd-b550/332473/produkt
INFO:root:scraping the web page for data: https://www.czc.cz/adata-hd710-pro-usb3-1-1tb-cerny/217741/produkt
INFO:root:scraping the web page for data: https://www.czc.cz/msi-pro-b660m-a-wifi-ddr4-intel-b660/344941/produkt
INFO:root:scraping the web page for data: https://www.czc.cz/asus-tuf-gaming-a520m-plus-wifi-amd-a520/359430/produkt
INFO:root:scraping the web page for data: https://www.czc.cz/dell-s2722dz-led-monitor-27/337076/produkt
INFO:root:scraping the web page for data: https://www.czc.cz/verbatim-store-n-go-usb-3-0-1tb-cerna/110669/produkt
INFO:root:scraping the web page for data: https://www.czc.cz/epson-expression-premium-xp-6000/238165/produkt
INFO:root:scraping the web page for data: https://www.czc.cz/gigabyte-geforce-rtx-4080-16gb-gaming-oc-16gb-gddr6x/361464/produkt
INFO:root:scraping the web page for data: https://www.czc.cz/cooler-master-silencio-s400-steel-cerna/287500/produkt
INFO:root:scraping the web page for data: https://www.czc.cz/samsung-t35f-led-monitor-24/297450/produkt
INFO:root:scraping the web page for data: https://www.czc.cz/msi-pro-h610m-b-ddr4-intel-h610/351336/produkt
INFO:root:scraping the web page for data: https://www.czc.cz/palit-gt-710-2gb-gddr3/184595/produkt
INFO:root:scraping the web page for data: https://www.czc.cz/gigabyte-geforce-rtx-3050-gaming-oc-8g-lhr-8gb-gddr6/344557/produkt
INFO:root:scraping the web page for data: https://www.czc.cz/benq-ex2710q-led-monitor-27/335062/produkt
INFO:root:scraping the web page for data: https://www.czc.cz/lg-oled65c21la-164cm/345841/produkt
INFO:root:scraping the web page for data: https://www.czc.cz/sony-kd-55x85k-139cm/348956/produkt
INFO:root:scraping the web page for data: https://www.czc.cz/sony-xr55a95k-139cm/348960/produkt
INFO:root:scraping the web page for data: https://www.czc.cz/gainward-geforce-gt-1030-2gb-gddr4/272436/produkt
INFO:root:scraping the web page for data: https://www.czc.cz/asus-tuf-gaming-gt301/285582/produkt
INFO:root:scraping the web page for data: https://www.czc.cz/canon-pixma-ts5150-cerna/229869/produkt
INFO:root:scraping the web page for data: https://www.czc.cz/samsung-t7-1tb-seda/286817/produkt
INFO:root:scraping the web page for data: https://www.czc.cz/asus-tuf-gaming-b450m-pro-ii-amd-b450/299915/produkt
INFO:root:scraping the web page for data: https://www.czc.cz/gigabyte-z690-gaming-x-ddr4-intel-z690/332344/produkt
INFO:root:scraping the web page for data: https://www.czc.cz/asus-geforce-dual-rtx3060ti-o8g-v2-lhr-8gb-gddr6/340147/produkt
INFO:root:scraping the web page for data: https://www.czc.cz/asus-geforce-rog-strix-rtx3060ti-o8g-v2-gaming-lhr-8gb-gddr6/340145/produkt
INFO:root:scraping the web page for data: https://www.czc.cz/dell-s2721hgf-led-monitor-27/297513/produkt
INFO:root:scraping the web page for data: https://www.czc.cz/gigabyte-b660m-gaming-x-ax-ddr4-intel-b660/340163/produkt
INFO:root:scraping the web page for data: https://www.czc.cz/samsung-ue65au7172-163cm/313092/produkt
INFO:root:scraping the web page for data: https://www.czc.cz/toshiba-32wa3b63dg-80cm/358445/produkt
INFO:root:scraping the web page for data: https://www.czc.cz/msi-pro-mp242c-led-monitor-24/354215/produkt
INFO:root:scraping the web page for data: https://www.czc.cz/gigabyte-geforce-rtx-3060-ti-vision-oc-8g-rev-2-0-lhr-8gb-gddr6/323012/produkt
INFO:root:scraping the web page for data: https://www.czc.cz/gigabyte-b660m-gaming-ddr4-intel-b660/340151/produkt
INFO:root:scraping the web page for data: https://www.czc.cz/msi-z590-a-pro-intel-z590/312445/produkt
INFO:root:scraping the web page for data: https://www.czc.cz/asus-vt229h-led-monitor-21-5/251984/produkt
INFO:root:scraping the web page for data: https://www.czc.cz/panasonic-tx-24js350e-60cm/341510/produkt
INFO:root:scraping the web page for data: https://www.czc.cz/gigabyte-geforce-rtx-3070-eagle-oc-8g-ver-2-0-lhr-8gb-gddr6/324453/produkt
INFO:root:scraping the web page for data: https://www.czc.cz/canon-pixma-ts205/228506/produkt
INFO:root:scraping the web page for data: https://www.czc.cz/philips-346b1c-led-monitor-34/295792/produkt
INFO:root:scraping the web page for data: https://www.czc.cz/gigabyte-geforce-rtx-3060-ti-gaming-oc-8gd-ver-2-0-lhr-8gb-gddr6/324462/produkt
INFO:root:scraping the web page for data: https://www.czc.cz/samsung-t7-1tb-cervena/286810/produkt
INFO:root:scraping the web page for data: https://www.czc.cz/asus-prime-b550-plus-amd-b550/289974/produkt
INFO:root:scraping the web page for data: https://www.czc.cz/fractal-design-ion-gold-650w/315883/produkt
INFO:root:scraping the web page for data: https://www.czc.cz/asus-rog-strix-helios-white-edition/287546/produkt
INFO:root:scraping the web page for data: https://www.czc.cz/tcl-40s6200-100cm/335448/produkt
INFO:root:scraping the web page for data: https://www.czc.cz/gigabyte-gt-1030-oc-2g-2gb-gddr5/225006/produkt
INFO:root:scraping the web page for data: https://www.czc.cz/cooler-master-sfx-gold-v850-850w/324418/produkt
INFO:root:scraping the web page for data: https://www.czc.cz/canon-pixma-tr4551-bila/248792/produkt
INFO:root:scraping the web page for data: https://www.czc.cz/acer-ek240ycbi-led-monitor-23-8/358500/produkt
INFO:root:scraping the web page for data: https://www.czc.cz/gigabyte-z690-aorus-elite-ax-intel-z690/336039/produkt
INFO:root:scraping the web page for data: https://www.czc.cz/strong-srt32hc4043-80cm/334988/produkt
INFO:root:scraping the web page for data: https://www.czc.cz/samsung-t7-500gb-cervena/286809/produkt
INFO:root:scraping the web page for data: https://www.czc.cz/msi-geforce-gtx-1660-super-ventus-xs-oc-6gb-gddr6/274161/produkt
INFO:root:scraping the web page for data: https://www.czc.cz/canon-pixma-ts705a/348744/produkt
INFO:root:scraping the web page for data: https://www.czc.cz/lg-24gn600-b-aeu-led-monitor-23-6/322005/produkt
INFO:root:scraping the web page for data: https://www.czc.cz/tcl-50p635-126cm/349336/produkt
INFO:root:scraping the web page for data: https://www.czc.cz/msi-mag-b660m-mortar-wifi-ddr4-intel-b660/336104/produkt
INFO:root:scraping the web page for data: https://www.czc.cz/palit-geforce-rtx-3070-gamingpro-lhr-8gb-gddr6_2/301406/produkt
INFO:root:scraping the web page for data: https://www.czc.cz/gigabyte-geforce-gtx-1660-super-oc-6g-6gb-gddr6/274426/produkt
INFO:root:scraping the web page for data: https://www.czc.cz/samsung-odyssey-g5-led-monitor-34/311347/produkt
INFO:root:scraping the web page for data: https://www.czc.cz/msi-mpg-a650gf-650w/313046/produkt
INFO:root:scraping the web page for data: https://www.czc.cz/lg-24bk550y-led-monitor-24/218589/produkt
INFO:root:scraping the web page for data: https://www.czc.cz/fortron-hydro-pro-600-600w/276962/produkt
INFO:root:scraping the web page for data: https://www.czc.cz/palit-geforce-rtx-3060ti-dual-lhr-8gb-gddr6/305135/produkt
INFO:root:scraping the web page for data: https://www.czc.cz/xiaomi-mi-p1-108cm/336473/produkt
INFO:root:scraping the web page for data: https://www.czc.cz/asus-tuf-gaming-vg289q1a-led-monitor-28/308595/produkt
INFO:root:scraping the web page for data: https://www.czc.cz/asus-tuf-gaming-vg27aql1a-led-monitor-27/292037/produkt
